#-----------------------------------------------------------
# Vivado v2024.2 (64-bit)
# SW Build 5239630 on Fri Nov 08 22:35:27 MST 2024
# IP Build 5239520 on Sun Nov 10 16:12:51 MST 2024
# SharedData Build 5239561 on Fri Nov 08 14:39:27 MST 2024
# Start of session at: Wed Mar 12 15:15:00 2025
# Process ID         : 17312
# Current directory  : C:/Users/james/Uni_work/Semester_4/ECE 230L/Lab_8
# Command line       : vivado.exe -gui_launcher_event rodinguilauncherevent15824 C:\Users\james\Uni_work\Semester_4\ECE 230L\Lab_8\Lab_8.xpr
# Log file           : C:/Users/james/Uni_work/Semester_4/ECE 230L/Lab_8/vivado.log
# Journal file       : C:/Users/james/Uni_work/Semester_4/ECE 230L/Lab_8\vivado.jou
# Running On         : The_Prospector
# Platform           : Windows Server 2016 or Windows 10
# Operating System   : 22631
# Processor Detail   : 12th Gen Intel(R) Core(TM) i7-12700H
# CPU Frequency      : 2688 MHz
# CPU Physical cores : 14
# CPU Logical cores  : 20
# Host memory        : 34087 MB
# Swap memory        : 2147 MB
# Total Virtual      : 36234 MB
# Available Virtual  : 22375 MB
#-----------------------------------------------------------
start_gui
open_project {C:/Users/james/Uni_work/Semester_4/ECE 230L/Lab_8/Lab_8.xpr}
INFO: [filemgmt 56-3] Default IP Output Path : Could not find the directory 'C:/Users/james/Uni_work/Semester_4/ECE 230L/Lab_8/Lab_8.gen/sources_1'.
Scanning sources...
Finished scanning sources
INFO: [IP_Flow 19-234] Refreshing IP repositories
INFO: [IP_Flow 19-1704] No user IP repositories specified
INFO: [IP_Flow 19-2313] Loaded Vivado IP repository 'C:/vivado/Vivado/2024.2/data/ip'.
open_project: Time (s): cpu = 00:00:02 ; elapsed = 00:00:08 . Memory (MB): peak = 1219.379 ; gain = 130.105
update_compile_order -fileset sources_1
exit
INFO: [Common 17-206] Exiting Vivado at Wed Mar 12 15:20:56 2025...
