
*** Running vivado
    with args -log top.vds -m64 -product Vivado -mode batch -messageDb vivado.pb -notrace -source top.tcl



****** Vivado v2024.2 (64-bit)
  **** SW Build 5239630 on Fri Nov 08 22:35:27 MST 2024
  **** IP Build 5239520 on Sun Nov 10 16:12:51 MST 2024
  **** SharedData Build 5239561 on Fri Nov 08 14:39:27 MST 2024
  **** Start of session at: Thu Mar 13 14:26:18 2025
    ** Copyright 1986-2022 Xilinx, Inc. All Rights Reserved.
    ** Copyright 2022-2024 Advanced Micro Devices, Inc. All Rights Reserved.

source top.tcl -notrace
Command: read_checkpoint -auto_incremental -incremental {C:/Users/james/Uni_work/Semester_4/ECE 230L/Lab_8/Lab_8.srcs/utils_1/imports/synth_1/top.dcp}
INFO: [Vivado 12-5825] Read reference checkpoint from C:/Users/james/Uni_work/Semester_4/ECE 230L/Lab_8/Lab_8.srcs/utils_1/imports/synth_1/top.dcp for incremental synthesis
INFO: [Vivado 12-7989] Please ensure there are no constraint changes
Command: synth_design -top top -part xc7a35tcpg236-1
Starting synth_design
Attempting to get a license for feature 'Synthesis' and/or device 'xc7a35t'
INFO: [Common 17-349] Got license for feature 'Synthesis' and/or device 'xc7a35t'
INFO: [Device 21-403] Loading part xc7a35tcpg236-1
INFO: [Designutils 20-5440] No compile time benefit to using incremental synthesis; A full resynthesis will be run
INFO: [Designutils 20-4379] Flow is switching to default flow due to incremental criteria not met. If you would like to alter this behaviour and have the flow terminate instead, please set the following parameter config_implementation {autoIncr.Synth.RejectBehavior Terminate}
INFO: [Synth 8-7079] Multithreading enabled for synth_design using a maximum of 2 processes.
INFO: [Synth 8-7078] Launching helper process for spawning children vivado processes
INFO: [Synth 8-7075] Helper process launched with PID 16692
---------------------------------------------------------------------------------
Starting RTL Elaboration : Time (s): cpu = 00:00:02 ; elapsed = 00:00:04 . Memory (MB): peak = 1029.301 ; gain = 467.387
---------------------------------------------------------------------------------
WARNING: [Synth 8-11121] redeclaration of ANSI port 'result' is not allowed [C:/Users/james/Uni_work/Semester_4/ECE 230L/Lab_8/Lab_8.srcs/sources_1/new/mux.v:14]
INFO: [Synth 8-6157] synthesizing module 'top' [C:/Users/james/Uni_work/Semester_4/ECE 230L/Lab_8/Lab_8.srcs/sources_1/new/top.v:3]
INFO: [Synth 8-6157] synthesizing module 'mux' [C:/Users/james/Uni_work/Semester_4/ECE 230L/Lab_8/Lab_8.srcs/sources_1/new/mux.v:3]
INFO: [Synth 8-6155] done synthesizing module 'mux' (0#1) [C:/Users/james/Uni_work/Semester_4/ECE 230L/Lab_8/Lab_8.srcs/sources_1/new/mux.v:3]
INFO: [Synth 8-6157] synthesizing module 'demux' [C:/Users/james/Uni_work/Semester_4/ECE 230L/Lab_8/Lab_8.srcs/sources_1/new/demux.v:4]
INFO: [Synth 8-226] default block is never used [C:/Users/james/Uni_work/Semester_4/ECE 230L/Lab_8/Lab_8.srcs/sources_1/new/demux.v:19]
INFO: [Synth 8-6155] done synthesizing module 'demux' (0#1) [C:/Users/james/Uni_work/Semester_4/ECE 230L/Lab_8/Lab_8.srcs/sources_1/new/demux.v:4]
INFO: [Synth 8-6155] done synthesizing module 'top' (0#1) [C:/Users/james/Uni_work/Semester_4/ECE 230L/Lab_8/Lab_8.srcs/sources_1/new/top.v:3]
---------------------------------------------------------------------------------
Finished RTL Elaboration : Time (s): cpu = 00:00:02 ; elapsed = 00:00:05 . Memory (MB): peak = 1133.715 ; gain = 571.801
---------------------------------------------------------------------------------
---------------------------------------------------------------------------------
Start Handling Custom Attributes
---------------------------------------------------------------------------------
---------------------------------------------------------------------------------
Finished Handling Custom Attributes : Time (s): cpu = 00:00:02 ; elapsed = 00:00:05 . Memory (MB): peak = 1133.715 ; gain = 571.801
---------------------------------------------------------------------------------
---------------------------------------------------------------------------------
Finished RTL Optimization Phase 1 : Time (s): cpu = 00:00:02 ; elapsed = 00:00:05 . Memory (MB): peak = 1133.715 ; gain = 571.801
---------------------------------------------------------------------------------
Netlist sorting complete. Time (s): cpu = 00:00:00 ; elapsed = 00:00:00.001 . Memory (MB): peak = 1133.715 ; gain = 0.000
INFO: [Project 1-570] Preparing netlist for logic optimization

Processing XDC Constraints
Initializing timing engine
Parsing XDC File [C:/Users/james/Uni_work/Semester_4/ECE 230L/Lab_8/constraints.xdc]
Finished Parsing XDC File [C:/Users/james/Uni_work/Semester_4/ECE 230L/Lab_8/constraints.xdc]
INFO: [Project 1-236] Implementation specific constraints were found while reading constraint file [C:/Users/james/Uni_work/Semester_4/ECE 230L/Lab_8/constraints.xdc]. These constraints will be ignored for synthesis but will be used in implementation. Impacted constraints are listed in the file [.Xil/top_propImpl.xdc].
Resolution: To avoid this warning, move constraints listed in [.Xil/top_propImpl.xdc] to another XDC file and exclude this new file from synthesis with the used_in_synthesis property (File Properties dialog in GUI) and re-run elaboration/synthesis.
Completed Processing XDC Constraints

Netlist sorting complete. Time (s): cpu = 00:00:00 ; elapsed = 00:00:00 . Memory (MB): peak = 1178.742 ; gain = 0.000
INFO: [Project 1-111] Unisim Transformation Summary:
No Unisim elements were transformed.

Constraint Validation Runtime : Time (s): cpu = 00:00:00 ; elapsed = 00:00:00.002 . Memory (MB): peak = 1178.742 ; gain = 0.000
INFO: [Designutils 20-5440] No compile time benefit to using incremental synthesis; A full resynthesis will be run
INFO: [Designutils 20-4379] Flow is switching to default flow due to incremental criteria not met. If you would like to alter this behaviour and have the flow terminate instead, please set the following parameter config_implementation {autoIncr.Synth.RejectBehavior Terminate}
---------------------------------------------------------------------------------
Finished Constraint Validation : Time (s): cpu = 00:00:05 ; elapsed = 00:00:10 . Memory (MB): peak = 1178.742 ; gain = 616.828
---------------------------------------------------------------------------------
---------------------------------------------------------------------------------
Start Loading Part and Timing Information
---------------------------------------------------------------------------------
Loading part: xc7a35tcpg236-1
---------------------------------------------------------------------------------
Finished Loading Part and Timing Information : Time (s): cpu = 00:00:05 ; elapsed = 00:00:10 . Memory (MB): peak = 1178.742 ; gain = 616.828
---------------------------------------------------------------------------------
---------------------------------------------------------------------------------
Start Applying 'set_property' XDC Constraints
---------------------------------------------------------------------------------
---------------------------------------------------------------------------------
Finished applying 'set_property' XDC Constraints : Time (s): cpu = 00:00:05 ; elapsed = 00:00:10 . Memory (MB): peak = 1178.742 ; gain = 616.828
---------------------------------------------------------------------------------
WARNING: [Synth 8-327] inferring latch for variable 'lib_reg' [C:/Users/james/Uni_work/Semester_4/ECE 230L/Lab_8/Lab_8.srcs/sources_1/new/demux.v:20]
WARNING: [Synth 8-327] inferring latch for variable 'fire_dep_reg' [C:/Users/james/Uni_work/Semester_4/ECE 230L/Lab_8/Lab_8.srcs/sources_1/new/demux.v:21]
WARNING: [Synth 8-327] inferring latch for variable 'school_reg' [C:/Users/james/Uni_work/Semester_4/ECE 230L/Lab_8/Lab_8.srcs/sources_1/new/demux.v:22]
WARNING: [Synth 8-327] inferring latch for variable 'rib_reg' [C:/Users/james/Uni_work/Semester_4/ECE 230L/Lab_8/Lab_8.srcs/sources_1/new/demux.v:23]
---------------------------------------------------------------------------------
Finished RTL Optimization Phase 2 : Time (s): cpu = 00:00:05 ; elapsed = 00:00:10 . Memory (MB): peak = 1178.742 ; gain = 616.828
---------------------------------------------------------------------------------
---------------------------------------------------------------------------------
Start RTL Component Statistics 
---------------------------------------------------------------------------------
Detailed RTL Component Info : 
+---Muxes : 
	   2 Input    4 Bit        Muxes := 4     
	   4 Input    4 Bit        Muxes := 4     
---------------------------------------------------------------------------------
Finished RTL Component Statistics 
---------------------------------------------------------------------------------
---------------------------------------------------------------------------------
Start Part Resource Summary
---------------------------------------------------------------------------------
Part Resources:
DSPs: 90 (col length:60)
BRAMs: 100 (col length: RAMB18 60 RAMB36 30)
---------------------------------------------------------------------------------
Finished Part Resource Summary
---------------------------------------------------------------------------------
---------------------------------------------------------------------------------
Start Cross Boundary and Area Optimization
---------------------------------------------------------------------------------
WARNING: [Synth 8-7080] Parallel synthesis criteria is not met
---------------------------------------------------------------------------------
Finished Cross Boundary and Area Optimization : Time (s): cpu = 00:00:06 ; elapsed = 00:00:12 . Memory (MB): peak = 1178.742 ; gain = 616.828
---------------------------------------------------------------------------------
---------------------------------------------------------------------------------
Start Applying XDC Timing Constraints
---------------------------------------------------------------------------------
---------------------------------------------------------------------------------
Finished Applying XDC Timing Constraints : Time (s): cpu = 00:00:08 ; elapsed = 00:00:16 . Memory (MB): peak = 1331.090 ; gain = 769.176
---------------------------------------------------------------------------------
---------------------------------------------------------------------------------
Start Timing Optimization
---------------------------------------------------------------------------------
---------------------------------------------------------------------------------
Finished Timing Optimization : Time (s): cpu = 00:00:08 ; elapsed = 00:00:16 . Memory (MB): peak = 1331.090 ; gain = 769.176
---------------------------------------------------------------------------------
---------------------------------------------------------------------------------
Start Technology Mapping
---------------------------------------------------------------------------------
---------------------------------------------------------------------------------
Finished Technology Mapping : Time (s): cpu = 00:00:08 ; elapsed = 00:00:16 . Memory (MB): peak = 1340.695 ; gain = 778.781
---------------------------------------------------------------------------------
---------------------------------------------------------------------------------
Start IO Insertion
---------------------------------------------------------------------------------
---------------------------------------------------------------------------------
Start Flattening Before IO Insertion
---------------------------------------------------------------------------------
---------------------------------------------------------------------------------
Finished Flattening Before IO Insertion
---------------------------------------------------------------------------------
---------------------------------------------------------------------------------
Start Final Netlist Cleanup
---------------------------------------------------------------------------------
---------------------------------------------------------------------------------
Finished Final Netlist Cleanup
---------------------------------------------------------------------------------
---------------------------------------------------------------------------------
Finished IO Insertion : Time (s): cpu = 00:00:09 ; elapsed = 00:00:18 . Memory (MB): peak = 1557.480 ; gain = 995.566
---------------------------------------------------------------------------------
---------------------------------------------------------------------------------
Start Renaming Generated Instances
---------------------------------------------------------------------------------
---------------------------------------------------------------------------------
Finished Renaming Generated Instances : Time (s): cpu = 00:00:09 ; elapsed = 00:00:18 . Memory (MB): peak = 1557.480 ; gain = 995.566
---------------------------------------------------------------------------------
---------------------------------------------------------------------------------
Start Rebuilding User Hierarchy
---------------------------------------------------------------------------------
---------------------------------------------------------------------------------
Finished Rebuilding User Hierarchy : Time (s): cpu = 00:00:09 ; elapsed = 00:00:18 . Memory (MB): peak = 1557.480 ; gain = 995.566
---------------------------------------------------------------------------------
---------------------------------------------------------------------------------
Start Renaming Generated Ports
---------------------------------------------------------------------------------
---------------------------------------------------------------------------------
Finished Renaming Generated Ports : Time (s): cpu = 00:00:09 ; elapsed = 00:00:18 . Memory (MB): peak = 1557.480 ; gain = 995.566
---------------------------------------------------------------------------------
---------------------------------------------------------------------------------
Start Handling Custom Attributes
---------------------------------------------------------------------------------
---------------------------------------------------------------------------------
Finished Handling Custom Attributes : Time (s): cpu = 00:00:09 ; elapsed = 00:00:18 . Memory (MB): peak = 1557.480 ; gain = 995.566
---------------------------------------------------------------------------------
---------------------------------------------------------------------------------
Start Renaming Generated Nets
---------------------------------------------------------------------------------
---------------------------------------------------------------------------------
Finished Renaming Generated Nets : Time (s): cpu = 00:00:09 ; elapsed = 00:00:18 . Memory (MB): peak = 1557.480 ; gain = 995.566
---------------------------------------------------------------------------------
---------------------------------------------------------------------------------
Start Writing Synthesis Report
---------------------------------------------------------------------------------

Report BlackBoxes: 
+-+--------------+----------+
| |BlackBox name |Instances |
+-+--------------+----------+
+-+--------------+----------+

Report Cell Usage: 
+------+-----+------+
|      |Cell |Count |
+------+-----+------+
|1     |BUFG |     1|
|2     |LUT4 |    16|
|3     |LUT6 |     4|
|4     |LD   |    16|
|5     |IBUF |    21|
|6     |OBUF |    16|
+------+-----+------+
---------------------------------------------------------------------------------
Finished Writing Synthesis Report : Time (s): cpu = 00:00:09 ; elapsed = 00:00:18 . Memory (MB): peak = 1557.480 ; gain = 995.566
---------------------------------------------------------------------------------
Synthesis finished with 0 errors, 0 critical warnings and 5 warnings.
Synthesis Optimization Runtime : Time (s): cpu = 00:00:06 ; elapsed = 00:00:17 . Memory (MB): peak = 1557.480 ; gain = 950.539
Synthesis Optimization Complete : Time (s): cpu = 00:00:09 ; elapsed = 00:00:18 . Memory (MB): peak = 1557.480 ; gain = 995.566
INFO: [Project 1-571] Translating synthesized netlist
Netlist sorting complete. Time (s): cpu = 00:00:00 ; elapsed = 00:00:00.001 . Memory (MB): peak = 1566.656 ; gain = 0.000
INFO: [Netlist 29-17] Analyzing 16 Unisim elements for replacement
INFO: [Netlist 29-28] Unisim Transformation completed in 0 CPU seconds
INFO: [Project 1-570] Preparing netlist for logic optimization
INFO: [Opt 31-138] Pushed 0 inverter(s) to 0 load pin(s).
Netlist sorting complete. Time (s): cpu = 00:00:00 ; elapsed = 00:00:00 . Memory (MB): peak = 1570.344 ; gain = 0.000
INFO: [Project 1-111] Unisim Transformation Summary:
  A total of 16 instances were transformed.
  LD => LDCE: 16 instances

Synth Design complete | Checksum: 6238c693
INFO: [Common 17-83] Releasing license: Synthesis
28 Infos, 6 Warnings, 0 Critical Warnings and 0 Errors encountered.
synth_design completed successfully
synth_design: Time (s): cpu = 00:00:11 ; elapsed = 00:00:22 . Memory (MB): peak = 1570.344 ; gain = 1198.387
Write ShapeDB Complete: Time (s): cpu = 00:00:00 ; elapsed = 00:00:00.001 . Memory (MB): peak = 1570.344 ; gain = 0.000
INFO: [Common 17-1381] The checkpoint 'C:/Users/james/Uni_work/Semester_4/ECE 230L/Lab_8/Lab_8.runs/synth_1/top.dcp' has been generated.
INFO: [Vivado 12-24828] Executing command : report_utilization -file top_utilization_synth.rpt -pb top_utilization_synth.pb
INFO: [Common 17-206] Exiting Vivado at Thu Mar 13 14:26:45 2025...
